<?xml version="1.0" encoding="UTF-8"?>
<testsuite xmlns:xsi="http://www.w3.org/2001/XMLSchema-instance" xsi:schemaLocation="https://maven.apache.org/surefire/maven-surefire-plugin/xsd/surefire-test-report.xsd" name="TestSuite" time="5.947" tests="5" errors="0" skipped="0" failures="3">
  <properties>
[...]
</properties>
  <testcase name="test_getAllVideoGames" classname="Sdet.TC_VideoGameAPI" time="3.123"/>
  <testcase name="test_addNewVideoGames" classname="Sdet.TC_VideoGameAPI" time="0.865">
    <failure message="1 expectation failed.&#10;Expected status code &lt;200&gt; but was &lt;500&gt;.&#10;" type="java.lang.AssertionError"><![CDATA[java.lang.AssertionError: 
1 expectation failed.
Expected status code <200> but was <500>.

	at Sdet.TC_VideoGameAPI.test_addNewVideoGames(TC_VideoGameAPI.java:54)
]]></failure>
  </testcase>
  <testcase name="test_getVideoGame" classname="Sdet.TC_VideoGameAPI" time="0.076">
    <failure message="1 expectation failed.&#10;Expected status code &lt;200&gt; but was &lt;500&gt;.&#10;" type="java.lang.AssertionError"><![CDATA[java.lang.AssertionError: 
1 expectation failed.
Expected status code <200> but was <500>.

	at Sdet.TC_VideoGameAPI.test_getVideoGame(TC_VideoGameAPI.java:73)
]]></failure>
  </testcase>
  <testcase name="test_updateVideoGame" classname="Sdet.TC_VideoGameAPI" time="0.165">
    <failure message="1 expectation failed.&#10;Expected status code &lt;200&gt; but was &lt;500&gt;.&#10;" type="java.lang.AssertionError"><![CDATA[java.lang.AssertionError: 
1 expectation failed.
Expected status code <200> but was <500>.

	at Sdet.TC_VideoGameAPI.test_updateVideoGame(TC_VideoGameAPI.java:98)
]]></failure>
  </testcase>
  <testcase name="test_deleteVideoGames" classname="Sdet.TC_VideoGameAPI" time="0.183"/>
</testsuite>